<html>
<body>
<pre>
<h1>Vision Build Log</h1>
<h2>Project:</h2>
E:\Git\wc\Alarm\AL_V1.0_20200831\KeilMDK\USB.uvproj
Project File Date:  09/04/2020

<h2>Output:</h2>
Build target 'ALARM'
compiling Task.c...
compiling MidFunction.c...
linking...
Program Size: Code=40800 RO-data=19256 RW-data=164 ZI-data=18172  
FromELF: creating hex file...
".\obj\ALARM.axf" - 0 Error(s), 0 Warning(s).
Load "E:\\Git\\wc\\Alarm\\AL_V1.0_20200831\\KeilMDK\\obj\\ALARM.axf" 
Set JLink Project File to "E:\Git\wc\Alarm\AL_V1.0_20200831\KeilMDK\JLinkSettings.ini"
* JLink Info: Device "STM32F103RC" selected (256 KB flash, 48 KB RAM).
 
JLink info:
------------
DLL: V4.40b, compiled Dec 22 2011 10:54:45
Firmware: J-Link V9 compiled Oct 25 2018 11:46:07
Hardware: V9.60
S/N : 69613334 
Feature(s) : RDI, GDB, FlashDL, FlashBP, JFlash 
 
* JLink Info: Found SWD-DP with ID 0x1BA01477
* JLink Info: TPIU fitted.
* JLink Info: ETM fitted.
* JLink Info:   FPUnit: 6 code (BP) slots and 2 literal slots
* JLink Info: Found Cortex-M3 r1p1, Little endian.
ROMTableAddr = 0xE00FF003
* JLink Info: Found SWD-DP with ID 0x1BA01477
* JLink Info: TPIU fitted.
* JLink Info: ETM fitted.
* JLink Info:   FPUnit: 6 code (BP) slots and 2 literal slots
* JLink Info: Found Cortex-M3 r1p1, Little endian.
 
Target info:
------------
Device: STM32F103RC
VTarget = 3.246V
State of Pins: 
TCK: 0, TDI: 0, TDO: 0, TMS: 1, TRES: 1, TRST: 1
Hardware-Breakpoints: 6
Software-Breakpoints: 8192
Watchpoints:          4
JTAG speed: 4000 kHz
 
Erase Done.
Programming Done.
Verify OK.
* JLink Info: Found SWD-DP with ID 0x1BA01477
* JLink Info: TPIU fitted.
* JLink Info: ETM fitted.
* JLink Info:   FPUnit: 6 code (BP) slots and 2 literal slots
* JLink Info: Found Cortex-M3 r1p1, Little endian.
Application running ...
</pre>
</body>
</html>
points: 8192
Watchpoints:          4
JTAG speed: 4000 kHz
 
Erase Done.
Programming Done.
Verify OK.
* JLink Info: Found SWD-DP with ID 0x1BA01477
* JLink Info: TPIU fitted.
* JLink Info: ETM fitted.
* JLink Info:   FPUnit: 6 code (BP) slots and 2 literal slots
* JLink Info: Found Cortex-M3 r1p1, Little endian.
Application running ...
 of "..\STM32F10x_StdPeriph_Driver\inc\stm32f10x_gpio.h")
          SOUND_L();
..\USER\MidFunction.c(170): error:  #79: expected a type specifier
          System72MDelay1ms(250);
..\USER\MidFunction.c(170): warning:  #77-D: this declaration has no storage class or type specifier
          System72MDelay1ms(250);
..\USER\MidFunction.c(171): error:  #79: expected a type specifier
                  SOUND_H();
..\USER\MidFunction.c(171): error:  #79: expected a type specifier
                  SOUND_H();
..\USER\MidFunction.c(171): warning:  #77-D: this declaration has no storage class or type specifier
                  SOUND_H();
..\USER\MidFunction.c(172): error:  #79: expected a type specifier
          System72MDelay1ms(100);
..\USER\MidFunction.c(172): warning:  #77-D: this declaration has no storage class or type specifier
          System72MDelay1ms(100);
..\USER\MidFunction.c(173): error:  #79: expected a type specifier
          SOUND_L();
..\USER\MidFunction.c(173): error:  #79: expected a type specifier
          SOUND_L();
..\USER\MidFunction.c(173): warning:  #77-D: this declaration has no storage class or type specifier
          SOUND_L();
..\USER\MidFunction.c(174): error:  #79: expected a type specifier
          System72MDelay1ms(200);
..\USER\MidFunction.c(174): warning:  #77-D: this declaration has no storage class or type specifier
          System72MDelay1ms(200);
..\USER\MidFunction.c(175): error:  #79: expected a type specifier
                  SOUND_H();
..\USER\MidFunction.c(175): error:  #79: expected a type specifier
                  SOUND_H();
..\USER\MidFunction.c(175): warning:  #77-D: this declaration has no storage class or type specifier
                  SOUND_H();
..\USER\MidFunction.c(176): error:  #79: expected a type specifier
          System72MDelay1ms(100);
..\USER\MidFunction.c(176): warning:  #77-D: this declaration has no storage class or type specifier
          System72MDelay1ms(100);
..\USER\MidFunction.c(177): error:  #79: expected a type specifier
          SOUND_L();
..\USER\MidFunction.c(177): error:  #79: expected a type specifier
          SOUND_L();
..\USER\MidFunction.c(177): warning:  #77-D: this declaration has no storage class or type specifier
          SOUND_L();
..\USER\MidFunction.c(178): error:  #79: expected a type specifier
          System72MDelay1ms(150);        
..\USER\MidFunction.c(178): warning:  #77-D: this declaration has no storage class or type specifier
          System72MDelay1ms(150);        
..\USER\MidFunction.c(179): error:  #169: expected a declaration
      }
..\USER\MidFunction.c(218): warning:  #12-D: parsing restarts here after previous syntax error
              SW5V_H();//输出5V
..\USER\MidFunction.c(219): error:  #79: expected a type specifier
              VSHIFT_H();//COM_OUT输出6.7V            
..\USER\MidFunction.c(219): error:  #79: expected a type specifier
              VSHIFT_H();//COM_OUT输出6.7V            
..\USER\MidFunction.c(219): warning:  #77-D: this declaration has no storage class or type specifier
              VSHIFT_H();//COM_OUT输出6.7V            
..\USER\MidFunction.c(220): error:  #169: expected a declaration
          }
..\USER\MidFunction.c(305): warning: At end of source:  #12-D: parsing restarts here after previous syntax error
..\USER\MidFunction.c: 19 warnings, 26 errors
".\obj\ALARM.axf" - 26 Error(s), 19 Warning(s).
Target not created
